Arguments: 
  /Users/decagon/.volta/tools/image/node/16.14.0/bin/node /Users/decagon/.volta/tools/image/yarn/1.22.17/bin/yarn.js install

PATH: 
  /Users/decagon/.volta/tools/image/npm/8.7.0/bin:/Users/decagon/.volta/tools/image/yarn/1.22.17/bin:/Users/decagon/.volta/tools/image/node/16.14.0/bin:/Users/decagon/.volta/bin:/usr/local/bin:/usr/bin:/bin:/usr/sbin:/sbin:/Library/Apple/usr/bin:/Users/decagon/.volta/bin:/Users/decagon/Library/Android/sdk/emulator:/Users/decagon/Library/Android/sdk/platform-tools:/Users/decagon/Library/Android/sdk/emulator:/Users/decagon/Library/Android/sdk/platform-tools

Yarn version: 
  1.22.17

Node version: 
  16.14.0

Platform: 
  darwin x64

Trace: 
  Error: 4525458944:error:1408F119:SSL routines:ssl3_get_record:decryption failed or bad record mac:../deps/openssl/openssl/ssl/record/ssl3_record.c:677:

npm manifest: 
  {
    "name": "waterapp",
    "version": "1.0.0",
    "main": "node_modules/expo/AppEntry.js",
    "scripts": {
      "start": "expo start",
      "android": "expo start --android",
      "ios": "expo start --ios",
      "web": "expo start --web",
      "eject": "expo eject"
    },
    "dependencies": {
      "expo": "~45.0.0",
      "expo-status-bar": "~1.3.0",
      "react": "17.0.2",
      "react-dom": "17.0.2",
      "react-native": "0.68.1",
      "react-native-app-intro-slider": "^4.0.4",
      "react-native-web": "0.17.7",
      "webpack-dev-server": "~3.11.0",
      "@expo/webpack-config": "~0.16.2"
    },
    "devDependencies": {
      "@babel/core": "^7.12.9"
    },
    "private": true
  }

yarn manifest: 
  No manifest

Lockfile: 
  No lockfile
